<?xml version="1.0" encoding="UTF-8"?>
<!-- Generated by org.testng.reporters.JUnitReportReporter -->
<testsuite hostname="DESKTOP-3IVBG4O" failures="0" tests="1" name="Packagetest.Titleverification" time="0.013" errors="0" timestamp="2023-05-06T10:21:59 IST" skipped="0">
  <testcase classname="Packagetest.Titleverification" name="title" time="0.013"/>
  <system-out/>
</testsuite> <!-- Packagetest.Titleverification -->
